[
  {
    "Plan": {
      "Node Type": "Sort",
      "Parallel Aware": false,
      "Async Capable": false,
      "Startup Cost": 16.63,
      "Total Cost": 16.64,
      "Plan Rows": 1,
      "Plan Width": 1321,
      "Actual Startup Time": 0.102,
      "Actual Total Time": 0.102,
      "Actual Rows": 1,
      "Actual Loops": 1,
      "Output": ["product_productvariant.id", "product_productvariant.sort_order", "product_productvariant.private_metadata", "product_productvariant.metadata", "product_productvariant.external_reference", "product_productvariant.sku", "product_productvariant.name", "product_productvariant.product_id", "product_productvariant.track_inventory", "product_productvariant.is_preorder", "product_productvariant.preorder_end_date", "product_productvariant.preorder_global_threshold", "product_productvariant.quantity_limit_per_customer", "product_productvariant.created_at", "product_productvariant.updated_at", "product_productvariant.weight"],
      "Sort Key": ["product_productvariant.sort_order", "product_productvariant.sku"],
      "Sort Method": "quicksort",
      "Sort Space Used": 26,
      "Sort Space Type": "Memory",
      "Shared Hit Blocks": 12,
      "Shared Read Blocks": 0,
      "Shared Dirtied Blocks": 0,
      "Shared Written Blocks": 0,
      "Local Hit Blocks": 0,
      "Local Read Blocks": 0,
      "Local Dirtied Blocks": 0,
      "Local Written Blocks": 0,
      "Temp Read Blocks": 0,
      "Temp Written Blocks": 0,
      "Plans": [
        {
          "Node Type": "Nested Loop",
          "Parent Relationship": "Outer",
          "Parallel Aware": false,
          "Async Capable": false,
          "Join Type": "Inner",
          "Startup Cost": 0.58,
          "Total Cost": 16.62,
          "Plan Rows": 1,
          "Plan Width": 1321,
          "Actual Startup Time": 0.070,
          "Actual Total Time": 0.071,
          "Actual Rows": 1,
          "Actual Loops": 1,
          "Output": ["product_productvariant.id", "product_productvariant.sort_order", "product_productvariant.private_metadata", "product_productvariant.metadata", "product_productvariant.external_reference", "product_productvariant.sku", "product_productvariant.name", "product_productvariant.product_id", "product_productvariant.track_inventory", "product_productvariant.is_preorder", "product_productvariant.preorder_end_date", "product_productvariant.preorder_global_threshold", "product_productvariant.quantity_limit_per_customer", "product_productvariant.created_at", "product_productvariant.updated_at", "product_productvariant.weight"],
          "Inner Unique": true,
          "Shared Hit Blocks": 6,
          "Shared Read Blocks": 0,
          "Shared Dirtied Blocks": 0,
          "Shared Written Blocks": 0,
          "Local Hit Blocks": 0,
          "Local Read Blocks": 0,
          "Local Dirtied Blocks": 0,
          "Local Written Blocks": 0,
          "Temp Read Blocks": 0,
          "Temp Written Blocks": 0,
          "Plans": [
            {
              "Node Type": "Index Scan",
              "Parent Relationship": "Outer",
              "Parallel Aware": false,
              "Async Capable": false,
              "Scan Direction": "Forward",
              "Index Name": "product_productvariant_product_id_43c5a310",
              "Relation Name": "product_productvariant",
              "Schema": "public",
              "Alias": "product_productvariant",
              "Startup Cost": 0.29,
              "Total Cost": 8.31,
              "Plan Rows": 1,
              "Plan Width": 1321,
              "Actual Startup Time": 0.049,
              "Actual Total Time": 0.049,
              "Actual Rows": 1,
              "Actual Loops": 1,
              "Output": ["product_productvariant.id", "product_productvariant.sku", "product_productvariant.name", "product_productvariant.product_id", "product_productvariant.track_inventory", "product_productvariant.weight", "product_productvariant.metadata", "product_productvariant.private_metadata", "product_productvariant.sort_order", "product_productvariant.is_preorder", "product_productvariant.preorder_end_date", "product_productvariant.preorder_global_threshold", "product_productvariant.quantity_limit_per_customer", "product_productvariant.created_at", "product_productvariant.updated_at", "product_productvariant.external_reference"],
              "Index Cond": "(product_productvariant.product_id = 83992)",
              "Rows Removed by Index Recheck": 0,
              "Shared Hit Blocks": 3,
              "Shared Read Blocks": 0,
              "Shared Dirtied Blocks": 0,
              "Shared Written Blocks": 0,
              "Local Hit Blocks": 0,
              "Local Read Blocks": 0,
              "Local Dirtied Blocks": 0,
              "Local Written Blocks": 0,
              "Temp Read Blocks": 0,
              "Temp Written Blocks": 0
            },
            {
              "Node Type": "Index Scan",
              "Parent Relationship": "Inner",
              "Parallel Aware": false,
              "Async Capable": false,
              "Scan Direction": "Forward",
              "Index Name": "product_productvariantchannellisting_variant_id_f8e7abba",
              "Relation Name": "product_productvariantchannellisting",
              "Schema": "public",
              "Alias": "u0",
              "Startup Cost": 0.29,
              "Total Cost": 8.31,
              "Plan Rows": 1,
              "Plan Width": 4,
              "Actual Startup Time": 0.017,
              "Actual Total Time": 0.017,
              "Actual Rows": 1,
              "Actual Loops": 1,
              "Output": ["u0.id", "u0.currency", "u0.price_amount", "u0.channel_id", "u0.variant_id", "u0.cost_price_amount", "u0.preorder_quantity_threshold", "u0.discounted_price_amount"],
              "Index Cond": "(u0.variant_id = product_productvariant.id)",
              "Rows Removed by Index Recheck": 0,
              "Filter": "((u0.price_amount IS NOT NULL) AND (u0.channel_id = 2))",
              "Rows Removed by Filter": 0,
              "Shared Hit Blocks": 3,
              "Shared Read Blocks": 0,
              "Shared Dirtied Blocks": 0,
              "Shared Written Blocks": 0,
              "Local Hit Blocks": 0,
              "Local Read Blocks": 0,
              "Local Dirtied Blocks": 0,
              "Local Written Blocks": 0,
              "Temp Read Blocks": 0,
              "Temp Written Blocks": 0
            }
          ]
        }
      ]
    },
    "Planning": {
      "Shared Hit Blocks": 531,
      "Shared Read Blocks": 0,
      "Shared Dirtied Blocks": 0,
      "Shared Written Blocks": 0,
      "Local Hit Blocks": 0,
      "Local Read Blocks": 0,
      "Local Dirtied Blocks": 0,
      "Local Written Blocks": 0,
      "Temp Read Blocks": 0,
      "Temp Written Blocks": 0
    },
    "Planning Time": 4.126,
    "Triggers": [
    ],
    "Execution Time": 0.172
  }
]
